# JRE version: Java(TM) SE Runtime Environment 18.9 (11.0.8+10) (build 11.0.8+10-LTS)
# Java VM: Java HotSpot(TM) 64-Bit Server VM 18.9 (11.0.8+10-LTS, mixed mode, tiered, compressed oops, g1 gc, windows-amd64)
Heap:
 garbage-first heap   total 315392K, used 18907K [0x0000000700c00000, 0x0000000800000000)
  region size 1024K, 13 young (13312K), 13 survivors (13312K)
 Metaspace       used 45466K, capacity 46724K, committed 46848K, reserved 1089536K
  class space    used 5393K, capacity 5864K, committed 5888K, reserved 1048576K
GC Heap History (9 events):
Event: 0.552 GC heap before
{Heap before GC invocations=0 (full 0):
 garbage-first heap   total 262144K, used 24576K [0x0000000700c00000, 0x0000000800000000)
  region size 1024K, 24 young (24576K), 0 survivors (0K)
 Metaspace       used 10590K, capacity 10839K, committed 11136K, reserved 1058816K
  class space    used 996K, capacity 1064K, committed 1152K, reserved 1048576K
}
Event: 0.555 GC heap after
{Heap after GC invocations=1 (full 0):
 garbage-first heap   total 262144K, used 6104K [0x0000000700c00000, 0x0000000800000000)
  region size 1024K, 3 young (3072K), 3 survivors (3072K)
 Metaspace       used 10590K, capacity 10839K, committed 11136K, reserved 1058816K
  class space    used 996K, capacity 1064K, committed 1152K, reserved 1048576K
}
Event: 1.207 GC heap before
{Heap before GC invocations=1 (full 0):
 garbage-first heap   total 262144K, used 98264K [0x0000000700c00000, 0x0000000800000000)
  region size 1024K, 95 young (97280K), 3 survivors (3072K)
 Metaspace       used 20623K, capacity 21177K, committed 21296K, reserved 1069056K
  class space    used 2213K, capacity 2417K, committed 2432K, reserved 1048576K
}
Event: 1.212 GC heap after
{Heap after GC invocations=2 (full 0):
 garbage-first heap   total 262144K, used 8333K [0x0000000700c00000, 0x0000000800000000)
  region size 1024K, 6 young (6144K), 6 survivors (6144K)
 Metaspace       used 20623K, capacity 21177K, committed 21296K, reserved 1069056K
  class space    used 2213K, capacity 2417K, committed 2432K, reserved 1048576K
}
Event: 1.732 GC heap before
{Heap before GC invocations=3 (full 0):
 garbage-first heap   total 262144K, used 106637K [0x0000000700c00000, 0x0000000800000000)
  region size 1024K, 103 young (105472K), 6 survivors (6144K)
 Metaspace       used 26513K, capacity 27229K, committed 27392K, reserved 1073152K
  class space    used 2956K, capacity 3231K, committed 3328K, reserved 1048576K
}
Event: 1.739 GC heap after
{Heap after GC invocations=4 (full 0):
 garbage-first heap   total 262144K, used 10851K [0x0000000700c00000, 0x0000000800000000)
  region size 1024K, 8 young (8192K), 8 survivors (8192K)
 Metaspace       used 26513K, capacity 27229K, committed 27392K, reserved 1073152K
  class space    used 2956K, capacity 3231K, committed 3328K, reserved 1048576K
}
Event: 2.693 GC heap before
{Heap before GC invocations=4 (full 0):
 garbage-first heap   total 262144K, used 79459K [0x0000000700c00000, 0x0000000800000000)
  region size 1024K, 76 young (77824K), 8 survivors (8192K)
 Metaspace       used 34865K, capacity 35935K, committed 35968K, reserved 1081344K
  class space    used 4046K, capacity 4449K, committed 4480K, reserved 1048576K
}
Event: 2.703 GC heap after
{Heap after GC invocations=5 (full 0):
 garbage-first heap   total 262144K, used 14296K [0x0000000700c00000, 0x0000000800000000)
  region size 1024K, 11 young (11264K), 11 survivors (11264K)
 Metaspace       used 34865K, capacity 35935K, committed 35968K, reserved 1081344K
  class space    used 4046K, capacity 4449K, committed 4480K, reserved 1048576K
}
Event: 3.599 GC heap before
{Heap before GC invocations=6 (full 0):
 garbage-first heap   total 262144K, used 158680K [0x0000000700c00000, 0x0000000800000000)
  region size 1024K, 153 young (156672K), 11 survivors (11264K)
 Metaspace       used 45466K, capacity 46724K, committed 46848K, reserved 1089536K
  class space    used 5393K, capacity 5864K, committed 5888K, reserved 1048576K
}

