# JRE version: Java(TM) SE Runtime Environment 18.9 (11.0.8+10) (build 11.0.8+10-LTS)
# Java VM: Java HotSpot(TM) 64-Bit Server VM 18.9 (11.0.8+10-LTS, mixed mode, tiered, compressed oops, g1 gc, windows-amd64)
Heap:
 garbage-first heap   total 315392K, used 29210K [0x0000000700c00000, 0x0000000800000000)
  region size 1024K, 22 young (22528K), 14 survivors (14336K)
 Metaspace       used 58652K, capacity 60151K, committed 60456K, reserved 1101824K
  class space    used 7317K, capacity 7928K, committed 8056K, reserved 1048576K
GC Heap History (10 events):
Event: 1.429 GC heap before
{Heap before GC invocations=1 (full 0):
 garbage-first heap   total 262144K, used 98269K [0x0000000700c00000, 0x0000000800000000)
  region size 1024K, 95 young (97280K), 3 survivors (3072K)
 Metaspace       used 20640K, capacity 21174K, committed 21296K, reserved 1069056K
  class space    used 2211K, capacity 2416K, committed 2432K, reserved 1048576K
}
Event: 1.441 GC heap after
{Heap after GC invocations=2 (full 0):
 garbage-first heap   total 262144K, used 8369K [0x0000000700c00000, 0x0000000800000000)
  region size 1024K, 6 young (6144K), 6 survivors (6144K)
 Metaspace       used 20640K, capacity 21174K, committed 21296K, reserved 1069056K
  class space    used 2211K, capacity 2416K, committed 2432K, reserved 1048576K
}
Event: 2.063 GC heap before
{Heap before GC invocations=3 (full 0):
 garbage-first heap   total 262144K, used 106673K [0x0000000700c00000, 0x0000000800000000)
  region size 1024K, 103 young (105472K), 6 survivors (6144K)
 Metaspace       used 26532K, capacity 27227K, committed 27568K, reserved 1073152K
  class space    used 2954K, capacity 3231K, committed 3328K, reserved 1048576K
}
Event: 2.068 GC heap after
{Heap after GC invocations=4 (full 0):
 garbage-first heap   total 262144K, used 11117K [0x0000000700c00000, 0x0000000800000000)
  region size 1024K, 8 young (8192K), 8 survivors (8192K)
 Metaspace       used 26532K, capacity 27227K, committed 27568K, reserved 1073152K
  class space    used 2954K, capacity 3231K, committed 3328K, reserved 1048576K
}
Event: 2.987 GC heap before
{Heap before GC invocations=4 (full 0):
 garbage-first heap   total 262144K, used 76653K [0x0000000700c00000, 0x0000000800000000)
  region size 1024K, 73 young (74752K), 8 survivors (8192K)
 Metaspace       used 34457K, capacity 35510K, committed 35632K, reserved 1081344K
  class space    used 4014K, capacity 4416K, committed 4480K, reserved 1048576K
}
Event: 2.997 GC heap after
{Heap after GC invocations=5 (full 0):
 garbage-first heap   total 262144K, used 14192K [0x0000000700c00000, 0x0000000800000000)
  region size 1024K, 11 young (11264K), 11 survivors (11264K)
 Metaspace       used 34457K, capacity 35510K, committed 35632K, reserved 1081344K
  class space    used 4014K, capacity 4416K, committed 4480K, reserved 1048576K
}
Event: 3.894 GC heap before
{Heap before GC invocations=6 (full 0):
 garbage-first heap   total 262144K, used 158576K [0x0000000700c00000, 0x0000000800000000)
  region size 1024K, 153 young (156672K), 11 survivors (11264K)
 Metaspace       used 44919K, capacity 46147K, committed 46384K, reserved 1089536K
  class space    used 5267K, capacity 5736K, committed 5760K, reserved 1048576K
}
Event: 3.905 GC heap after
{Heap after GC invocations=7 (full 0):
 garbage-first heap   total 315392K, used 19057K [0x0000000700c00000, 0x0000000800000000)
  region size 1024K, 13 young (13312K), 13 survivors (13312K)
 Metaspace       used 44919K, capacity 46147K, committed 46384K, reserved 1089536K
  class space    used 5267K, capacity 5736K, committed 5760K, reserved 1048576K
}
Event: 4.865 GC heap before
{Heap before GC invocations=7 (full 0):
 garbage-first heap   total 315392K, used 92785K [0x0000000700c00000, 0x0000000800000000)
  region size 1024K, 86 young (88064K), 13 survivors (13312K)
 Metaspace       used 58318K, capacity 59708K, committed 59816K, reserved 1101824K
  class space    used 7252K, capacity 7845K, committed 7928K, reserved 1048576K
}
Event: 4.878 GC heap after
{Heap after GC invocations=8 (full 0):
 garbage-first heap   total 315392K, used 22042K [0x0000000700c00000, 0x0000000800000000)
  region size 1024K, 14 young (14336K), 14 survivors (14336K)
 Metaspace       used 58318K, capacity 59708K, committed 59816K, reserved 1101824K
  class space    used 7252K, capacity 7845K, committed 7928K, reserved 1048576K
}

